<?xml version="1.0" encoding="UTF-8"?>
<!-- Generated by org.testng.reporters.JUnitReportReporter -->
<testsuite hostname="DESKTOP-GLLCAO7" failures="0" tests="1" name="CourseFilter_Test" time="4.883" errors="0" timestamp="2022-04-27T23:14:29 MSK" skipped="0">
  <testcase classname="CourseFilter_Test" name="findCourse" time="4.883"/>
  <system-out/>
</testsuite> <!-- CourseFilter_Test -->
